features/vision/components/CameraView.tsx(2,38): error TS2307: Cannot find module '@services/vision/PoseDetectionService' or its corresponding type declarations.
features/vision/components/CameraView.tsx(3,43): error TS2307: Cannot find module '@services/vision/RepCounter' or its corresponding type declarations.
features/vision/components/CameraView.tsx(4,8): error TS1259: Module '"C:/app/node_modules/@types/react/index"' can only be default-imported using the 'esModuleInterop' flag
features/vision/components/CameraView.tsx(124,32): error TS17004: Cannot use JSX unless the '--jsx' flag is provided.
features/vision/components/CameraView.tsx(124,60): error TS17004: Cannot use JSX unless the '--jsx' flag is provided.
features/vision/components/CameraView.tsx(125,32): error TS17004: Cannot use JSX unless the '--jsx' flag is provided.
features/vision/components/CameraView.tsx(125,60): error TS17004: Cannot use JSX unless the '--jsx' flag is provided.
features/vision/components/CameraView.tsx(126,31): error TS17004: Cannot use JSX unless the '--jsx' flag is provided.
features/vision/components/CameraView.tsx(126,59): error TS17004: Cannot use JSX unless the '--jsx' flag is provided.
features/vision/components/CameraView.tsx(126,109): error TS17004: Cannot use JSX unless the '--jsx' flag is provided.
features/vision/components/CameraView.tsx(129,9): error TS17004: Cannot use JSX unless the '--jsx' flag is provided.
features/vision/components/CameraView.tsx(130,13): error TS17004: Cannot use JSX unless the '--jsx' flag is provided.
features/vision/components/CameraView.tsx(139,13): error TS17004: Cannot use JSX unless the '--jsx' flag is provided.
features/vision/components/CameraView.tsx(140,17): error TS17004: Cannot use JSX unless the '--jsx' flag is provided.
features/vision/components/CameraView.tsx(141,21): error TS17004: Cannot use JSX unless the '--jsx' flag is provided.
features/vision/components/CameraView.tsx(150,17): error TS17004: Cannot use JSX unless the '--jsx' flag is provided.
features/vision/components/CameraView.tsx(151,21): error TS17004: Cannot use JSX unless the '--jsx' flag is provided.
features/vision/components/CameraView.tsx(152,21): error TS17004: Cannot use JSX unless the '--jsx' flag is provided.
features/vision/components/CameraView.tsx(153,21): error TS17004: Cannot use JSX unless the '--jsx' flag is provided.
features/vision/components/CameraView.tsx(157,13): error TS17004: Cannot use JSX unless the '--jsx' flag is provided.
features/vision/components/CameraView.tsx(158,17): error TS17004: Cannot use JSX unless the '--jsx' flag is provided.
features/vision/components/CameraView.tsx(159,17): error TS17004: Cannot use JSX unless the '--jsx' flag is provided.
features/vision/components/CameraView.tsx(160,17): error TS17004: Cannot use JSX unless the '--jsx' flag is provided.
features/vision/components/CameraView.tsx(161,17): error TS17004: Cannot use JSX unless the '--jsx' flag is provided.
features/vision/components/CameraView.tsx(162,17): error TS17004: Cannot use JSX unless the '--jsx' flag is provided.
features/vision/components/CameraView.tsx(163,17): error TS17004: Cannot use JSX unless the '--jsx' flag is provided.
node_modules/@expo/vector-icons/build/createIconSet.d.ts(1,8): error TS1259: Module '"C:/app/node_modules/@types/react/index"' can only be default-imported using the 'esModuleInterop' flag
node_modules/@expo/vector-icons/build/createIconSet.d.ts(25,18): error TS2320: Interface 'IconButtonProps<GLYPHS>' cannot simultaneously extend types 'IconProps<GLYPHS>' and 'TouchableHighlightProps'.
  Named property 'pressRetentionOffset' of types 'IconProps<GLYPHS>' and 'TouchableHighlightProps' are not identical.
node_modules/@shopify/react-native-skia/lib/typescript/src/renderer/Canvas.d.ts(2,8): error TS1259: Module '"C:/app/node_modules/@types/react/index"' can only be default-imported using the 'esModuleInterop' flag
node_modules/@shopify/react-native-skia/lib/typescript/src/renderer/Canvas.d.ts(28,83): error TS2339: Property 'onLayout' does not exist on type 'CanvasProps'.
node_modules/@shopify/react-native-skia/lib/typescript/src/renderer/components/backdrop/BackdropBlur.d.ts(1,8): error TS1259: Module '"C:/app/node_modules/@types/react/index"' can only be default-imported using the 'esModuleInterop' flag
node_modules/@shopify/react-native-skia/lib/typescript/src/renderer/components/backdrop/BackdropFilter.d.ts(2,8): error TS1259: Module '"C:/app/node_modules/@types/react/index"' can only be default-imported using the 'esModuleInterop' flag
node_modules/@shopify/react-native-skia/lib/typescript/src/renderer/components/Blend.d.ts(1,8): error TS1259: Module '"C:/app/node_modules/@types/react/index"' can only be default-imported using the 'esModuleInterop' flag
node_modules/@shopify/react-native-skia/lib/typescript/src/renderer/components/colorFilters/BlendColor.d.ts(1,8): error TS1259: Module '"C:/app/node_modules/@types/react/index"' can only be default-imported using the 'esModuleInterop' flag
node_modules/@shopify/react-native-skia/lib/typescript/src/renderer/components/colorFilters/Lerp.d.ts(1,8): error TS1259: Module '"C:/app/node_modules/@types/react/index"' can only be default-imported using the 'esModuleInterop' flag
node_modules/@shopify/react-native-skia/lib/typescript/src/renderer/components/colorFilters/LinearToSRGBGamma.d.ts(1,8): error TS1259: Module '"C:/app/node_modules/@types/react/index"' can only be default-imported using the 'esModuleInterop' flag
node_modules/@shopify/react-native-skia/lib/typescript/src/renderer/components/colorFilters/LumaColorFilter.d.ts(1,8): error TS1259: Module '"C:/app/node_modules/@types/react/index"' can only be default-imported using the 'esModuleInterop' flag
node_modules/@shopify/react-native-skia/lib/typescript/src/renderer/components/colorFilters/Matrix.d.ts(1,8): error TS1259: Module '"C:/app/node_modules/@types/react/index"' can only be default-imported using the 'esModuleInterop' flag
node_modules/@shopify/react-native-skia/lib/typescript/src/renderer/components/colorFilters/SRGBToLinearGamma.d.ts(1,8): error TS1259: Module '"C:/app/node_modules/@types/react/index"' can only be default-imported using the 'esModuleInterop' flag
node_modules/@shopify/react-native-skia/lib/typescript/src/renderer/components/Group.d.ts(1,8): error TS1259: Module '"C:/app/node_modules/@types/react/index"' can only be default-imported using the 'esModuleInterop' flag
node_modules/@shopify/react-native-skia/lib/typescript/src/renderer/components/image/Image.d.ts(1,8): error TS1259: Module '"C:/app/node_modules/@types/react/index"' can only be default-imported using the 'esModuleInterop' flag
node_modules/@shopify/react-native-skia/lib/typescript/src/renderer/components/image/ImageShader.d.ts(1,8): error TS1259: Module '"C:/app/node_modules/@types/react/index"' can only be default-imported using the 'esModuleInterop' flag
node_modules/@shopify/react-native-skia/lib/typescript/src/renderer/components/image/ImageSVG.d.ts(1,8): error TS1259: Module '"C:/app/node_modules/@types/react/index"' can only be default-imported using the 'esModuleInterop' flag
node_modules/@shopify/react-native-skia/lib/typescript/src/renderer/components/ImageFilter.d.ts(1,8): error TS1259: Module '"C:/app/node_modules/@types/react/index"' can only be default-imported using the 'esModuleInterop' flag
node_modules/@shopify/react-native-skia/lib/typescript/src/renderer/components/imageFilters/Blur.d.ts(1,8): error TS1259: Module '"C:/app/node_modules/@types/react/index"' can only be default-imported using the 'esModuleInterop' flag
node_modules/@shopify/react-native-skia/lib/typescript/src/renderer/components/imageFilters/DisplacementMap.d.ts(1,8): error TS1259: Module '"C:/app/node_modules/@types/react/index"' can only be default-imported using the 'esModuleInterop' flag
node_modules/@shopify/react-native-skia/lib/typescript/src/renderer/components/imageFilters/Morphology.d.ts(1,8): error TS1259: Module '"C:/app/node_modules/@types/react/index"' can only be default-imported using the 'esModuleInterop' flag
node_modules/@shopify/react-native-skia/lib/typescript/src/renderer/components/imageFilters/Offset.d.ts(1,8): error TS1259: Module '"C:/app/node_modules/@types/react/index"' can only be default-imported using the 'esModuleInterop' flag
node_modules/@shopify/react-native-skia/lib/typescript/src/renderer/components/imageFilters/RuntimeShader.d.ts(1,8): error TS1259: Module '"C:/app/node_modules/@types/react/index"' can only be default-imported using the 'esModuleInterop' flag
node_modules/@shopify/react-native-skia/lib/typescript/src/renderer/components/imageFilters/Shadow.d.ts(1,8): error TS1259: Module '"C:/app/node_modules/@types/react/index"' can only be default-imported using the 'esModuleInterop' flag
node_modules/@shopify/react-native-skia/lib/typescript/src/renderer/components/Mask.d.ts(2,8): error TS1259: Module '"C:/app/node_modules/@types/react/index"' can only be default-imported using the 'esModuleInterop' flag
node_modules/@shopify/react-native-skia/lib/typescript/src/renderer/components/maskFilters/Blur.d.ts(1,8): error TS1259: Module '"C:/app/node_modules/@types/react/index"' can only be default-imported using the 'esModuleInterop' flag
node_modules/@shopify/react-native-skia/lib/typescript/src/renderer/components/Paint.d.ts(1,8): error TS1259: Module '"C:/app/node_modules/@types/react/index"' can only be default-imported using the 'esModuleInterop' flag
node_modules/@shopify/react-native-skia/lib/typescript/src/renderer/components/paragraph/Paragraph.d.ts(1,8): error TS1259: Module '"C:/app/node_modules/@types/react/index"' can only be default-imported using the 'esModuleInterop' flag
node_modules/@shopify/react-native-skia/lib/typescript/src/renderer/components/pathEffects/Corner.d.ts(1,8): error TS1259: Module '"C:/app/node_modules/@types/react/index"' can only be default-imported using the 'esModuleInterop' flag
node_modules/@shopify/react-native-skia/lib/typescript/src/renderer/components/pathEffects/Dash.d.ts(1,8): error TS1259: Module '"C:/app/node_modules/@types/react/index"' can only be default-imported using the 'esModuleInterop' flag
node_modules/@shopify/react-native-skia/lib/typescript/src/renderer/components/pathEffects/Discrete.d.ts(1,8): error TS1259: Module '"C:/app/node_modules/@types/react/index"' can only be default-imported using the 'esModuleInterop' flag
node_modules/@shopify/react-native-skia/lib/typescript/src/renderer/components/pathEffects/Line2D.d.ts(1,8): error TS1259: Module '"C:/app/node_modules/@types/react/index"' can only be default-imported using the 'esModuleInterop' flag
node_modules/@shopify/react-native-skia/lib/typescript/src/renderer/components/pathEffects/Path1D.d.ts(1,8): error TS1259: Module '"C:/app/node_modules/@types/react/index"' can only be default-imported using the 'esModuleInterop' flag
node_modules/@shopify/react-native-skia/lib/typescript/src/renderer/components/pathEffects/Path2D.d.ts(1,8): error TS1259: Module '"C:/app/node_modules/@types/react/index"' can only be default-imported using the 'esModuleInterop' flag
node_modules/@shopify/react-native-skia/lib/typescript/src/renderer/components/pathEffects/Sum.d.ts(1,8): error TS1259: Module '"C:/app/node_modules/@types/react/index"' can only be default-imported using the 'esModuleInterop' flag
node_modules/@shopify/react-native-skia/lib/typescript/src/renderer/components/Picture.d.ts(1,8): error TS1259: Module '"C:/app/node_modules/@types/react/index"' can only be default-imported using the 'esModuleInterop' flag
node_modules/@shopify/react-native-skia/lib/typescript/src/renderer/components/shaders/Color.d.ts(1,8): error TS1259: Module '"C:/app/node_modules/@types/react/index"' can only be default-imported using the 'esModuleInterop' flag
node_modules/@shopify/react-native-skia/lib/typescript/src/renderer/components/shaders/FractalNoise.d.ts(1,8): error TS1259: Module '"C:/app/node_modules/@types/react/index"' can only be default-imported using the 'esModuleInterop' flag
node_modules/@shopify/react-native-skia/lib/typescript/src/renderer/components/shaders/LinearGradient.d.ts(1,8): error TS1259: Module '"C:/app/node_modules/@types/react/index"' can only be default-imported using the 'esModuleInterop' flag
node_modules/@shopify/react-native-skia/lib/typescript/src/renderer/components/shaders/RadialGradient.d.ts(1,8): error TS1259: Module '"C:/app/node_modules/@types/react/index"' can only be default-imported using the 'esModuleInterop' flag
node_modules/@shopify/react-native-skia/lib/typescript/src/renderer/components/shaders/Shader.d.ts(1,8): error TS1259: Module '"C:/app/node_modules/@types/react/index"' can only be default-imported using the 'esModuleInterop' flag
node_modules/@shopify/react-native-skia/lib/typescript/src/renderer/components/shaders/SweepGradient.d.ts(1,8): error TS1259: Module '"C:/app/node_modules/@types/react/index"' can only be default-imported using the 'esModuleInterop' flag
node_modules/@shopify/react-native-skia/lib/typescript/src/renderer/components/shaders/Turbulence.d.ts(1,8): error TS1259: Module '"C:/app/node_modules/@types/react/index"' can only be default-imported using the 'esModuleInterop' flag
node_modules/@shopify/react-native-skia/lib/typescript/src/renderer/components/shaders/TwoPointConicalGradient.d.ts(1,8): error TS1259: Module '"C:/app/node_modules/@types/react/index"' can only be default-imported using the 'esModuleInterop' flag
node_modules/@shopify/react-native-skia/lib/typescript/src/renderer/components/shapes/Atlas.d.ts(1,8): error TS1259: Module '"C:/app/node_modules/@types/react/index"' can only be default-imported using the 'esModuleInterop' flag
node_modules/@shopify/react-native-skia/lib/typescript/src/renderer/components/shapes/Box.d.ts(1,8): error TS1259: Module '"C:/app/node_modules/@types/react/index"' can only be default-imported using the 'esModuleInterop' flag
node_modules/@shopify/react-native-skia/lib/typescript/src/renderer/components/shapes/Circle.d.ts(1,8): error TS1259: Module '"C:/app/node_modules/@types/react/index"' can only be default-imported using the 'esModuleInterop' flag
node_modules/@shopify/react-native-skia/lib/typescript/src/renderer/components/shapes/DiffRect.d.ts(1,8): error TS1259: Module '"C:/app/node_modules/@types/react/index"' can only be default-imported using the 'esModuleInterop' flag
node_modules/@shopify/react-native-skia/lib/typescript/src/renderer/components/shapes/Fill.d.ts(1,8): error TS1259: Module '"C:/app/node_modules/@types/react/index"' can only be default-imported using the 'esModuleInterop' flag
node_modules/@shopify/react-native-skia/lib/typescript/src/renderer/components/shapes/FitBox.d.ts(2,8): error TS1259: Module '"C:/app/node_modules/@types/react/index"' can only be default-imported using the 'esModuleInterop' flag
node_modules/@shopify/react-native-skia/lib/typescript/src/renderer/components/shapes/Line.d.ts(1,8): error TS1259: Module '"C:/app/node_modules/@types/react/index"' can only be default-imported using the 'esModuleInterop' flag
node_modules/@shopify/react-native-skia/lib/typescript/src/renderer/components/shapes/Oval.d.ts(1,8): error TS1259: Module '"C:/app/node_modules/@types/react/index"' can only be default-imported using the 'esModuleInterop' flag
node_modules/@shopify/react-native-skia/lib/typescript/src/renderer/components/shapes/Patch.d.ts(1,8): error TS1259: Module '"C:/app/node_modules/@types/react/index"' can only be default-imported using the 'esModuleInterop' flag
node_modules/@shopify/react-native-skia/lib/typescript/src/renderer/components/shapes/Path.d.ts(1,8): error TS1259: Module '"C:/app/node_modules/@types/react/index"' can only be default-imported using the 'esModuleInterop' flag
node_modules/@shopify/react-native-skia/lib/typescript/src/renderer/components/shapes/Points.d.ts(1,8): error TS1259: Module '"C:/app/node_modules/@types/react/index"' can only be default-imported using the 'esModuleInterop' flag
node_modules/@shopify/react-native-skia/lib/typescript/src/renderer/components/shapes/Rect.d.ts(1,8): error TS1259: Module '"C:/app/node_modules/@types/react/index"' can only be default-imported using the 'esModuleInterop' flag
node_modules/@shopify/react-native-skia/lib/typescript/src/renderer/components/shapes/RoundedRect.d.ts(1,8): error TS1259: Module '"C:/app/node_modules/@types/react/index"' can only be default-imported using the 'esModuleInterop' flag
node_modules/@shopify/react-native-skia/lib/typescript/src/renderer/components/shapes/Vertices.d.ts(1,8): error TS1259: Module '"C:/app/node_modules/@types/react/index"' can only be default-imported using the 'esModuleInterop' flag
node_modules/@shopify/react-native-skia/lib/typescript/src/renderer/components/Skottie.d.ts(1,8): error TS1259: Module '"C:/app/node_modules/@types/react/index"' can only be default-imported using the 'esModuleInterop' flag
node_modules/@shopify/react-native-skia/lib/typescript/src/renderer/components/text/Glyphs.d.ts(1,8): error TS1259: Module '"C:/app/node_modules/@types/react/index"' can only be default-imported using the 'esModuleInterop' flag
node_modules/@shopify/react-native-skia/lib/typescript/src/renderer/components/text/Text.d.ts(1,8): error TS1259: Module '"C:/app/node_modules/@types/react/index"' can only be default-imported using the 'esModuleInterop' flag
node_modules/@shopify/react-native-skia/lib/typescript/src/renderer/components/text/TextBlob.d.ts(1,8): error TS1259: Module '"C:/app/node_modules/@types/react/index"' can only be default-imported using the 'esModuleInterop' flag
node_modules/@shopify/react-native-skia/lib/typescript/src/renderer/components/text/TextPath.d.ts(1,8): error TS1259: Module '"C:/app/node_modules/@types/react/index"' can only be default-imported using the 'esModuleInterop' flag
node_modules/@shopify/react-native-skia/lib/typescript/src/views/SkiaPictureView.d.ts(1,8): error TS1259: Module '"C:/app/node_modules/@types/react/index"' can only be default-imported using the 'esModuleInterop' flag
node_modules/@types/node/module.d.ts(804,13): error TS2403: Subsequent variable declarations must have the same type.  Variable 'require' must be of type 'NodeRequire', but here has type 'Require'.
node_modules/react-native-reanimated/lib/typescript/component/ScrollView.d.ts(2,8): error TS1259: Module '"C:/app/node_modules/@types/react/index"' can only be default-imported using the 'esModuleInterop' flag
node_modules/react-native-reanimated/lib/typescript/createAnimatedComponent/AnimatedComponent.d.ts(2,13): error TS1259: Module '"C:/app/node_modules/@types/react/index"' can only be default-imported using the 'esModuleInterop' flag
node_modules/react-native-reanimated/lib/typescript/jestUtils.d.ts(1,40): error TS2307: Cannot find module 'react-test-renderer' or its corresponding type declarations.
node_modules/react-native-vision-camera/lib/typescript/Camera.d.ts(1,8): error TS1259: Module '"C:/app/node_modules/@types/react/index"' can only be default-imported using the 'esModuleInterop' flag
node_modules/react-native/src/types/globals.d.ts(10,1): error TS6200: Definitions of the following identifiers conflict with those in another file: EndingType, BlobPart, BufferSource, FormData, RequestInfo, XMLHttpRequestResponseType, AbortSignal, AbortController
node_modules/react-native/src/types/globals.d.ts(166,7): error TS2403: Subsequent variable declarations must have the same type.  Variable 'Blob' must be of type '{ new (blobParts?: BlobPart[], options?: BlobPropertyBag): Blob; prototype: Blob; }', but here has type '{ new (blobParts?: (string | Blob)[], options?: BlobOptions): Blob; prototype: Blob; }'.
node_modules/react-native/src/types/globals.d.ts(180,7): error TS2403: Subsequent variable declarations must have the same type.  Variable 'File' must be of type '{ new (fileBits: BlobPart[], fileName: string, options?: FilePropertyBag): File; prototype: File; }', but here has type '{ new (fileParts: BlobPart[], name: string, options?: FilePropertyBag): File; prototype: File; }'.
node_modules/react-native/src/types/globals.d.ts(266,5): error TS2717: Subsequent property declarations must have the same type.  Property 'body' must be of type 'BodyInit', but here has type 'BodyInit_'.
node_modules/react-native/src/types/globals.d.ts(275,5): error TS2717: Subsequent property declarations must have the same type.  Property 'signal' must be of type 'AbortSignal', but here has type 'AbortSignal'.
node_modules/react-native/src/types/globals.d.ts(285,14): error TS2717: Subsequent property declarations must have the same type.  Property 'signal' must be of type 'AbortSignal', but here has type 'AbortSignal'.
node_modules/react-native/src/types/globals.d.ts(289,7): error TS2403: Subsequent variable declarations must have the same type.  Variable 'Request' must be of type '{ new (input: RequestInfo | URL, init?: RequestInit): Request; prototype: Request; }', but here has type '{ new (input: string | Request, init?: RequestInit): Request; prototype: Request; }'.
node_modules/react-native/src/types/globals.d.ts(313,7): error TS2403: Subsequent variable declarations must have the same type.  Variable 'Response' must be of type '{ new (body?: BodyInit, init?: ResponseInit): Response; prototype: Response; error(): Response; json(data: any, init?: ResponseInit): Response; redirect(url: string | URL, status?: number): Response; }', but here has type '{ new (body?: BodyInit_, init?: ResponseInit): Response; prototype: Response; error(): Response; json(data: any, init?: ResponseInit): Response; redirect: (url: string | URL, status?: number) => Response; }'.
node_modules/react-native/src/types/globals.d.ts(398,5): error TS2717: Subsequent property declarations must have the same type.  Property 'abort' must be of type 'ProgressEvent<XMLHttpRequestEventTarget>', but here has type 'ProgressEvent<EventTarget>'.
node_modules/react-native/src/types/globals.d.ts(399,5): error TS2717: Subsequent property declarations must have the same type.  Property 'error' must be of type 'ProgressEvent<XMLHttpRequestEventTarget>', but here has type 'ProgressEvent<EventTarget>'.
node_modules/react-native/src/types/globals.d.ts(400,5): error TS2717: Subsequent property declarations must have the same type.  Property 'load' must be of type 'ProgressEvent<XMLHttpRequestEventTarget>', but here has type 'ProgressEvent<EventTarget>'.
node_modules/react-native/src/types/globals.d.ts(401,5): error TS2717: Subsequent property declarations must have the same type.  Property 'loadend' must be of type 'ProgressEvent<XMLHttpRequestEventTarget>', but here has type 'ProgressEvent<EventTarget>'.
node_modules/react-native/src/types/globals.d.ts(402,5): error TS2717: Subsequent property declarations must have the same type.  Property 'loadstart' must be of type 'ProgressEvent<XMLHttpRequestEventTarget>', but here has type 'ProgressEvent<EventTarget>'.
node_modules/react-native/src/types/globals.d.ts(403,5): error TS2717: Subsequent property declarations must have the same type.  Property 'progress' must be of type 'ProgressEvent<XMLHttpRequestEventTarget>', but here has type 'ProgressEvent<EventTarget>'.
node_modules/react-native/src/types/globals.d.ts(404,5): error TS2717: Subsequent property declarations must have the same type.  Property 'timeout' must be of type 'ProgressEvent<XMLHttpRequestEventTarget>', but here has type 'ProgressEvent<EventTarget>'.
node_modules/react-native/src/types/globals.d.ts(471,7): error TS2403: Subsequent variable declarations must have the same type.  Variable 'URL' must be of type '{ new (url: string | URL, base?: string | URL): URL; prototype: URL; canParse(url: string | URL, base?: string | URL): boolean; createObjectURL(obj: Blob | MediaSource): string; parse(url: string | URL, base?: string | URL): URL; revokeObjectURL(url: string): void; }', but here has type '{ new (url: string | URL, base?: string | URL): URL; prototype: URL; createObjectURL(obj: Blob): string; revokeObjectURL(url: string): void; }'.
node_modules/react-native/src/types/globals.d.ts(534,5): error TS2717: Subsequent property declarations must have the same type.  Property 'onopen' must be of type '(this: WebSocket, ev: Event) => any', but here has type '() => void'.
node_modules/react-native/src/types/globals.d.ts(535,5): error TS2717: Subsequent property declarations must have the same type.  Property 'onmessage' must be of type '(this: WebSocket, ev: MessageEvent<any>) => any', but here has type '(event: WebSocketMessageEvent) => void'.
node_modules/react-native/src/types/globals.d.ts(536,5): error TS2717: Subsequent property declarations must have the same type.  Property 'onerror' must be of type '(this: WebSocket, ev: Event) => any', but here has type '(event: WebSocketErrorEvent) => void'.
node_modules/react-native/src/types/globals.d.ts(537,5): error TS2717: Subsequent property declarations must have the same type.  Property 'onclose' must be of type '(this: WebSocket, ev: CloseEvent) => any', but here has type '(event: WebSocketCloseEvent) => void'.
node_modules/react-native/src/types/globals.d.ts(538,5): error TS2717: Subsequent property declarations must have the same type.  Property 'addEventListener' must be of type '{ <K extends keyof WebSocketEventMap>(type: K, listener: (this: WebSocket, ev: WebSocketEventMap[K]) => any, options?: boolean | AddEventListenerOptions): void; (type: string, listener: EventListenerOrEventListenerObject, options?: boolean | AddEventListenerOptions): void; }', but here has type 'WebsocketEventListener'.
node_modules/react-native/src/types/globals.d.ts(539,5): error TS2717: Subsequent property declarations must have the same type.  Property 'removeEventListener' must be of type '{ <K extends keyof WebSocketEventMap>(type: K, listener: (this: WebSocket, ev: WebSocketEventMap[K]) => any, options?: boolean | EventListenerOptions): void; (type: string, listener: EventListenerOrEventListenerObject, options?: boolean | EventListenerOptions): void; }', but here has type 'WebsocketEventListener'.
node_modules/react-native/src/types/globals.d.ts(542,7): error TS2403: Subsequent variable declarations must have the same type.  Variable 'WebSocket' must be of type '{ new (url: string | URL, protocols?: string | string[]): WebSocket; prototype: WebSocket; readonly CONNECTING: 0; readonly OPEN: 1; readonly CLOSING: 2; readonly CLOSED: 3; }', but here has type '{ new (uri: string, protocols?: string | string[], options?: { [optionName: string]: any; headers: { [headerName: string]: string; }; }): WebSocket; prototype: WebSocket; readonly CLOSED: number; readonly CLOSING: number; readonly CONNECTING: number; readonly OPEN: number; }'.
node_modules/react-native/src/types/globals.d.ts(627,14): error TS2717: Subsequent property declarations must have the same type.  Property 'error' must be of type 'DOMException', but here has type 'Error'.
node_modules/react-native/src/types/globals.d.ts(640,14): error TS2717: Subsequent property declarations must have the same type.  Property 'readyState' must be of type '0 | 2 | 1', but here has type 'number'.
node_modules/typescript/lib/lib.dom.d.ts(23,1): error TS6200: Definitions of the following identifiers conflict with those in another file: EndingType, BlobPart, BufferSource, FormData, RequestInfo, XMLHttpRequestResponseType, AbortSignal, AbortController
node_modules/typescript/lib/lib.dom.d.ts(32640,11): error TS2430: Interface 'URL' incorrectly extends interface 'import("node:url").URL'.
  The types returned by 'searchParams[Symbol.iterator]()' are incompatible between these types.
    Property '[Symbol.dispose]' is missing in type 'IterableIterator<[string, string]>' but required in type 'URLSearchParamsIterator<[string, string]>'.
node_modules/typescript/lib/lib.dom.d.ts(32759,11): error TS2430: Interface 'URLSearchParams' incorrectly extends interface 'import("node:url").URLSearchParams'.
  The types returned by '[Symbol.iterator]()' are incompatible between these types.
    Property '[Symbol.dispose]' is missing in type 'IterableIterator<[string, string]>' but required in type 'URLSearchParamsIterator<[string, string]>'.
